This is XeTeX, Version 3.141592653-2.6-0.999993 (MiKTeX 22.1) (preloaded format=xelatex 2022.7.1)  2 JUL 2022 22:54
entering extended mode
 restricted \write18 enabled.
 %&-line parsing enabled.
**./report.tex
(report.tex
LaTeX2e <2022-06-01> patch level 3
L3 programming layer <2022-06-16>
(/Users/aventhal/Library/Application Support/MiKTeX/texmfs/install/tex/latex/ba
se/book.cls
Document Class: book 2021/10/04 v1.4n Standard LaTeX document class

(/Users/aventhal/Library/Application Support/MiKTeX/texmfs/install/tex/latex/ba
se/bk10.clo
File: bk10.clo 2021/10/04 v1.4n Standard LaTeX file (size option)
)
\c@part=\count181
\c@chapter=\count182
\c@section=\count183
\c@subsection=\count184
\c@subsubsection=\count185
\c@paragraph=\count186
\c@subparagraph=\count187
\c@figure=\count188
\c@table=\count189
\abovecaptionskip=\skip47
\belowcaptionskip=\skip48
\bibindent=\dimen138
)
(/Users/aventhal/Library/Application Support/MiKTeX/texmfs/install/tex/generic/
babel/babel.sty
Package: babel 2022/06/06 3.76 The Babel package
\babel@savecnt=\count190
\U@D=\dimen139
\l@unhyphenated=\language1

(/Users/aventhal/Library/Application Support/MiKTeX/texmfs/install/tex/generic/
babel/xebabel.def
(/Users/aventhal/Library/Application Support/MiKTeX/texmfs/install/tex/generic/
babel/txtbabel.def))
\bbl@readstream=\read2
\bbl@dirlevel=\count191

*************************************
* Local config file bblopts.cfg used
*

(/Users/aventhal/Library/Application Support/MiKTeX/texmfs/install/tex/latex/ar
abi/bblopts.cfg
File: bblopts.cfg 2005/09/08 v0.1 add Arabic and Farsi to "declared" options of
 babel
)
(/Users/aventhal/Library/Application Support/MiKTeX/texmfs/install/tex/latex/ba
bel-english/english.ldf
Language: english 2017/06/06 v3.3r English support from the babel system
))
(/Users/aventhal/Library/Application Support/MiKTeX/texmfs/install/tex/generic/
babel/locale/en/babel-english.tex
Package babel Info: Importing font and identification data for english
(babel)             from babel-en.ini. Reported on input line 11.
)
(/Users/aventhal/Library/Application Support/MiKTeX/texmfs/install/tex/latex/fa
ncyhdr/fancyhdr.sty
Package: fancyhdr 2022/05/18 v4.0.3 Extensive control of page headers and foote
rs
\f@nch@headwidth=\skip49
\f@nch@O@elh=\skip50
\f@nch@O@erh=\skip51
\f@nch@O@olh=\skip52
\f@nch@O@orh=\skip53
\f@nch@O@elf=\skip54
\f@nch@O@erf=\skip55
\f@nch@O@olf=\skip56
\f@nch@O@orf=\skip57
)
(/Users/aventhal/Library/Application Support/MiKTeX/texmfs/install/tex/latex/ba
se/makeidx.sty
Package: makeidx 2021/10/04 v1.0m Standard LaTeX package
)
(/Users/aventhal/Library/Application Support/MiKTeX/texmfs/install/tex/latex/ti
tlesec/titlesec.sty
Package: titlesec 2021/07/05 v2.14 Sectioning titles
\ttl@box=\box51
\beforetitleunit=\skip58
\aftertitleunit=\skip59
\ttl@plus=\dimen140
\ttl@minus=\dimen141
\ttl@toksa=\toks16
\titlewidth=\dimen142
\titlewidthlast=\dimen143
\titlewidthfirst=\dimen144
)
(/Users/aventhal/Library/Application Support/MiKTeX/texmfs/install/tex/latex/li
stings/listings.sty
(/Users/aventhal/Library/Application Support/MiKTeX/texmfs/install/tex/latex/gr
aphics/keyval.sty
Package: keyval 2022/05/29 v1.15 key=value parser (DPC)
\KV@toks@=\toks17
)
\lst@mode=\count192
\lst@gtempboxa=\box52
\lst@token=\toks18
\lst@length=\count193
\lst@currlwidth=\dimen145
\lst@column=\count194
\lst@pos=\count195
\lst@lostspace=\dimen146
\lst@width=\dimen147
\lst@newlines=\count196
\lst@lineno=\count197
\lst@maxwidth=\dimen148

(/Users/aventhal/Library/Application Support/MiKTeX/texmfs/install/tex/latex/li
stings/lstmisc.sty
File: lstmisc.sty 2020/03/24 1.8d (Carsten Heinz)
\c@lstnumber=\count198
\lst@skipnumbers=\count199
\lst@framebox=\box53
)
(/Users/aventhal/Library/Application Support/MiKTeX/texmfs/install/tex/latex/li
stings/listings.cfg
File: listings.cfg 2020/03/24 1.8d listings configuration
))
Package: listings 2020/03/24 1.8d (Carsten Heinz)

(/Users/aventhal/Library/Application Support/MiKTeX/texmfs/install/tex/latex/bo
oktabs/booktabs.sty
Package: booktabs 2020/01/12 v1.61803398 Publication quality tables
\heavyrulewidth=\dimen149
\lightrulewidth=\dimen150
\cmidrulewidth=\dimen151
\belowrulesep=\dimen152
\belowbottomsep=\dimen153
\aboverulesep=\dimen154
\abovetopsep=\dimen155
\cmidrulesep=\dimen156
\cmidrulekern=\dimen157
\defaultaddspace=\dimen158
\@cmidla=\count266
\@cmidlb=\count267
\@aboverulesep=\dimen159
\@belowrulesep=\dimen160
\@thisruleclass=\count268
\@lastruleclass=\count269
\@thisrulewidth=\dimen161
)
(/Users/aventhal/Library/Application Support/MiKTeX/texmfs/install/tex/latex/hy
perref/hyperref.sty
Package: hyperref 2022-06-20 v7.00s Hypertext links for LaTeX

(/Users/aventhal/Library/Application Support/MiKTeX/texmfs/install/tex/generic/
ltxcmds/ltxcmds.sty
Package: ltxcmds 2020-05-10 v1.25 LaTeX kernel commands for general use (HO)
)
(/Users/aventhal/Library/Application Support/MiKTeX/texmfs/install/tex/generic/
iftex/iftex.sty
Package: iftex 2022/02/03 v1.0f TeX engine tests
)
(/Users/aventhal/Library/Application Support/MiKTeX/texmfs/install/tex/generic/
pdftexcmds/pdftexcmds.sty
Package: pdftexcmds 2020-06-27 v0.33 Utility functions of pdfTeX for LuaTeX (HO
)

(/Users/aventhal/Library/Application Support/MiKTeX/texmfs/install/tex/generic/
infwarerr/infwarerr.sty
Package: infwarerr 2019/12/03 v1.5 Providing info/warning/error messages (HO)
)
Package pdftexcmds Info: \pdf@primitive is available.
Package pdftexcmds Info: \pdf@ifprimitive is available.
Package pdftexcmds Info: \pdfdraftmode not found.
)
(/Users/aventhal/Library/Application Support/MiKTeX/texmfs/install/tex/generic/
kvsetkeys/kvsetkeys.sty
Package: kvsetkeys 2019/12/15 v1.18 Key value parser (HO)
)
(/Users/aventhal/Library/Application Support/MiKTeX/texmfs/install/tex/generic/
kvdefinekeys/kvdefinekeys.sty
Package: kvdefinekeys 2019-12-19 v1.6 Define keys (HO)
)
(/Users/aventhal/Library/Application Support/MiKTeX/texmfs/install/tex/generic/
pdfescape/pdfescape.sty
Package: pdfescape 2019/12/09 v1.15 Implements pdfTeX's escape features (HO)
)
(/Users/aventhal/Library/Application Support/MiKTeX/texmfs/install/tex/latex/hy
color/hycolor.sty
Package: hycolor 2020-01-27 v1.10 Color options for hyperref/bookmark (HO)
)
(/Users/aventhal/Library/Application Support/MiKTeX/texmfs/install/tex/latex/le
tltxmacro/letltxmacro.sty
Package: letltxmacro 2019/12/03 v1.6 Let assignment for LaTeX macros (HO)
)
(/Users/aventhal/Library/Application Support/MiKTeX/texmfs/install/tex/latex/au
xhook/auxhook.sty
Package: auxhook 2019-12-17 v1.6 Hooks for auxiliary files (HO)
)
(/Users/aventhal/Library/Application Support/MiKTeX/texmfs/install/tex/latex/hy
perref/nameref.sty
Package: nameref 2022-05-17 v2.50 Cross-referencing by name of section

(/Users/aventhal/Library/Application Support/MiKTeX/texmfs/install/tex/latex/re
fcount/refcount.sty
Package: refcount 2019/12/15 v3.6 Data extraction from label references (HO)
)
(/Users/aventhal/Library/Application Support/MiKTeX/texmfs/install/tex/generic/
gettitlestring/gettitlestring.sty
Package: gettitlestring 2019/12/15 v1.6 Cleanup title references (HO)

(/Users/aventhal/Library/Application Support/MiKTeX/texmfs/install/tex/latex/kv
options/kvoptions.sty
Package: kvoptions 2022-06-15 v3.15 Key value format for package options (HO)
))
\c@section@level=\count270
)
\@linkdim=\dimen162
\Hy@linkcounter=\count271
\Hy@pagecounter=\count272

(/Users/aventhal/Library/Application Support/MiKTeX/texmfs/install/tex/latex/hy
perref/pd1enc.def
File: pd1enc.def 2022-06-20 v7.00s Hyperref: PDFDocEncoding definition (HO)
)
(/Users/aventhal/Library/Application Support/MiKTeX/texmfs/install/tex/generic/
intcalc/intcalc.sty
Package: intcalc 2019/12/15 v1.3 Expandable calculations with integers (HO)
)
(/Users/aventhal/Library/Application Support/MiKTeX/texmfs/install/tex/generic/
etexcmds/etexcmds.sty
Package: etexcmds 2019/12/15 v1.7 Avoid name clashes with e-TeX commands (HO)
)
\Hy@SavedSpaceFactor=\count273

(/Users/aventhal/Library/Application Support/MiKTeX/texmfs/install/tex/latex/hy
perref/puenc.def
File: puenc.def 2022-06-20 v7.00s Hyperref: PDF Unicode definition (HO)
)
Package hyperref Info: Hyper figures OFF on input line 4162.
Package hyperref Info: Link nesting OFF on input line 4167.
Package hyperref Info: Hyper index ON on input line 4170.
Package hyperref Info: Plain pages OFF on input line 4177.
Package hyperref Info: Backreferencing OFF on input line 4182.
Package hyperref Info: Implicit mode ON; LaTeX internals redefined.
Package hyperref Info: Bookmarks ON on input line 4408.
\c@Hy@tempcnt=\count274

(/Users/aventhal/Library/Application Support/MiKTeX/texmfs/install/tex/latex/ur
l/url.sty
\Urlmuskip=\muskip16
Package: url 2013/09/16  ver 3.4  Verb mode for urls, etc.
)
LaTeX Info: Redefining \url on input line 4746.
\XeTeXLinkMargin=\dimen163

(/Users/aventhal/Library/Application Support/MiKTeX/texmfs/install/tex/generic/
bitset/bitset.sty
Package: bitset 2019/12/09 v1.3 Handle bit-vector datatype (HO)

(/Users/aventhal/Library/Application Support/MiKTeX/texmfs/install/tex/generic/
bigintcalc/bigintcalc.sty
Package: bigintcalc 2019/12/15 v1.5 Expandable calculations on big integers (HO
)
))
\Fld@menulength=\count275
\Field@Width=\dimen164
\Fld@charsize=\dimen165
Package hyperref Info: Hyper figures OFF on input line 6024.
Package hyperref Info: Link nesting OFF on input line 6029.
Package hyperref Info: Hyper index ON on input line 6032.
Package hyperref Info: backreferencing OFF on input line 6039.
Package hyperref Info: Link coloring OFF on input line 6044.
Package hyperref Info: Link coloring with OCG OFF on input line 6049.
Package hyperref Info: PDF/A mode OFF on input line 6054.

(/Users/aventhal/Library/Application Support/MiKTeX/texmfs/install/tex/latex/ba
se/atbegshi-ltx.sty
Package: atbegshi-ltx 2021/01/10 v1.0c Emulation of the original atbegshi
package with kernel methods
)
\Hy@abspage=\count276
\c@Item=\count277
\c@Hfootnote=\count278
)
Package hyperref Info: Driver (autodetected): hxetex.

(/Users/aventhal/Library/Application Support/MiKTeX/texmfs/install/tex/latex/hy
perref/hxetex.def
File: hxetex.def 2022-06-20 v7.00s Hyperref driver for XeTeX

(/Users/aventhal/Library/Application Support/MiKTeX/texmfs/install/tex/generic/
stringenc/stringenc.sty
Package: stringenc 2019/11/29 v1.12 Convert strings between diff. encodings (HO
)
)
\pdfm@box=\box54
\c@Hy@AnnotLevel=\count279
\HyField@AnnotCount=\count280
\Fld@listcount=\count281
\c@bookmark@seq@number=\count282

(/Users/aventhal/Library/Application Support/MiKTeX/texmfs/install/tex/latex/re
runfilecheck/rerunfilecheck.sty
Package: rerunfilecheck 2019/12/05 v1.9 Rerun checks for auxiliary files (HO)

(/Users/aventhal/Library/Application Support/MiKTeX/texmfs/install/tex/latex/ba
se/atveryend-ltx.sty
Package: atveryend-ltx 2020/08/19 v1.0a Emulation of the original atveryend pac
kage
with kernel methods
)
(/Users/aventhal/Library/Application Support/MiKTeX/texmfs/install/tex/generic/
uniquecounter/uniquecounter.sty
Package: uniquecounter 2019/12/15 v1.4 Provide unlimited unique counter (HO)
)
Package uniquecounter Info: New unique counter `rerunfilecheck' on input line 2
86.
)
\Hy@SectionHShift=\skip60
)
(/Users/aventhal/Library/Application Support/MiKTeX/texmfs/install/tex/latex/gr
aphics/graphicx.sty
Package: graphicx 2021/09/16 v1.2d Enhanced LaTeX Graphics (DPC,SPQR)

(/Users/aventhal/Library/Application Support/MiKTeX/texmfs/install/tex/latex/gr
aphics/graphics.sty
Package: graphics 2022/03/10 v1.4e Standard LaTeX Graphics (DPC,SPQR)

(/Users/aventhal/Library/Application Support/MiKTeX/texmfs/install/tex/latex/gr
aphics/trig.sty
Package: trig 2021/08/11 v1.11 sin cos tan (DPC)
)
(/Users/aventhal/Library/Application Support/MiKTeX/texmfs/install/tex/latex/gr
aphics-cfg/graphics.cfg
File: graphics.cfg 2016/06/04 v1.11 sample graphics configuration
)
Package graphics Info: Driver file: xetex.def on input line 107.

(/Users/aventhal/Library/Application Support/MiKTeX/texmfs/install/tex/latex/gr
aphics-def/xetex.def
File: xetex.def 2022/04/16 v5.0m Graphics/color driver for xetex
))
\Gin@req@height=\dimen166
\Gin@req@width=\dimen167
)
(/Users/aventhal/Library/Application Support/MiKTeX/texmfs/install/tex/latex/am
smath/amsmath.sty
Package: amsmath 2022/04/08 v2.17n AMS math features
\@mathmargin=\skip61

For additional information on amsmath, use the `?' option.

(/Users/aventhal/Library/Application Support/MiKTeX/texmfs/install/tex/latex/am
smath/amstext.sty
Package: amstext 2021/08/26 v2.01 AMS text

(/Users/aventhal/Library/Application Support/MiKTeX/texmfs/install/tex/latex/am
smath/amsgen.sty
File: amsgen.sty 1999/11/30 v2.0 generic functions
\@emptytoks=\toks19
\ex@=\dimen168
))
(/Users/aventhal/Library/Application Support/MiKTeX/texmfs/install/tex/latex/am
smath/amsbsy.sty
Package: amsbsy 1999/11/29 v1.2d Bold Symbols
\pmbraise@=\dimen169
)
(/Users/aventhal/Library/Application Support/MiKTeX/texmfs/install/tex/latex/am
smath/amsopn.sty
Package: amsopn 2022/04/08 v2.04 operator names
)
\inf@bad=\count283
LaTeX Info: Redefining \frac on input line 234.
\uproot@=\count284
\leftroot@=\count285
LaTeX Info: Redefining \overline on input line 399.
LaTeX Info: Redefining \colon on input line 410.
\classnum@=\count286
\DOTSCASE@=\count287
LaTeX Info: Redefining \ldots on input line 496.
LaTeX Info: Redefining \dots on input line 499.
LaTeX Info: Redefining \cdots on input line 620.
\Mathstrutbox@=\box55
\strutbox@=\box56
LaTeX Info: Redefining \big on input line 722.
LaTeX Info: Redefining \Big on input line 723.
LaTeX Info: Redefining \bigg on input line 724.
LaTeX Info: Redefining \Bigg on input line 725.
\big@size=\dimen170
LaTeX Font Info:    Redeclaring font encoding OML on input line 743.
LaTeX Font Info:    Redeclaring font encoding OMS on input line 744.
\macc@depth=\count288
LaTeX Info: Redefining \bmod on input line 905.
LaTeX Info: Redefining \pmod on input line 910.
LaTeX Info: Redefining \smash on input line 940.
LaTeX Info: Redefining \relbar on input line 970.
LaTeX Info: Redefining \Relbar on input line 971.
\c@MaxMatrixCols=\count289
\dotsspace@=\muskip17
\c@parentequation=\count290
\dspbrk@lvl=\count291
\tag@help=\toks20
\row@=\count292
\column@=\count293
\maxfields@=\count294
\andhelp@=\toks21
\eqnshift@=\dimen171
\alignsep@=\dimen172
\tagshift@=\dimen173
\tagwidth@=\dimen174
\totwidth@=\dimen175
\lineht@=\dimen176
\@envbody=\toks22
\multlinegap=\skip62
\multlinetaggap=\skip63
\mathdisplay@stack=\toks23
LaTeX Info: Redefining \[ on input line 2953.
LaTeX Info: Redefining \] on input line 2954.
)
(/Users/aventhal/Library/Application Support/MiKTeX/texmfs/install/tex/latex/am
sfonts/amsfonts.sty
Package: amsfonts 2013/01/14 v3.01 Basic AMSFonts support
\symAMSa=\mathgroup4
\symAMSb=\mathgroup5
LaTeX Font Info:    Redeclaring math symbol \hbar on input line 98.
LaTeX Font Info:    Overwriting math alphabet `\mathfrak' in version `bold'
(Font)                  U/euf/m/n --> U/euf/b/n on input line 106.
)
(/Users/aventhal/Library/Application Support/MiKTeX/texmfs/install/tex/latex/am
scls/amsthm.sty
Package: amsthm 2020/05/29 v2.20.6
\thm@style=\toks24
\thm@bodyfont=\toks25
\thm@headfont=\toks26
\thm@notefont=\toks27
\thm@headpunct=\toks28
\thm@preskip=\skip64
\thm@postskip=\skip65
\thm@headsep=\skip66
\dth@everypar=\toks29
)
(/Users/aventhal/Library/Application Support/MiKTeX/texmfs/install/tex/latex/am
sfonts/amssymb.sty
Package: amssymb 2013/01/14 v3.01 AMS font symbols
)
(/Users/aventhal/Library/Application Support/MiKTeX/texmfs/install/tex/latex/ca
ption/caption.sty
Package: caption 2022/03/01 v3.6b Customizing captions (AR)

(/Users/aventhal/Library/Application Support/MiKTeX/texmfs/install/tex/latex/ca
ption/caption3.sty
Package: caption3 2022/03/17 v2.3b caption3 kernel (AR)
\caption@tempdima=\dimen177
\captionmargin=\dimen178
\caption@leftmargin=\dimen179
\caption@rightmargin=\dimen180
\caption@width=\dimen181
\caption@indent=\dimen182
\caption@parindent=\dimen183
\caption@hangindent=\dimen184
Package caption Info: Standard document class detected.
)
\c@caption@flags=\count295
\c@continuedfloat=\count296
Package caption Info: hyperref package is loaded.
Package caption Info: listings package is loaded.
)
(/Users/aventhal/Library/Application Support/MiKTeX/texmfs/install/tex/latex/fl
oat/float.sty
Package: float 2001/11/08 v1.3d Float enhancements (AL)
\c@float@type=\count297
\float@exts=\toks30
\float@box=\box57
\@float@everytoks=\toks31
\@floatcapt=\box58
)
(/Users/aventhal/Library/Application Support/MiKTeX/texmfs/install/tex/latex/ma
thtools/empheq.sty
Package: empheq 2017/03/31 v2.15 Emphasizing equations

(/Users/aventhal/Library/Application Support/MiKTeX/texmfs/install/tex/latex/ma
thtools/mhsetup.sty
Package: mhsetup 2021/03/18 v1.4 programming setup (MH)
)
(/Users/aventhal/Library/Application Support/MiKTeX/texmfs/install/tex/latex/ma
thtools/mathtools.sty
Package: mathtools 2022/02/07 v1.28a mathematical typesetting tools

(/Users/aventhal/Library/Application Support/MiKTeX/texmfs/install/tex/latex/to
ols/calc.sty
Package: calc 2017/05/25 v4.3 Infix arithmetic (KKT,FJ)
\calc@Acount=\count298
\calc@Bcount=\count299
\calc@Adimen=\dimen185
\calc@Bdimen=\dimen186
\calc@Askip=\skip67
\calc@Bskip=\skip68
LaTeX Info: Redefining \setlength on input line 80.
LaTeX Info: Redefining \addtolength on input line 81.
\calc@Ccount=\count300
\calc@Cskip=\skip69
)
\g_MT_multlinerow_int=\count301
\l_MT_multwidth_dim=\dimen187
\origjot=\skip70
\l_MT_shortvdotswithinadjustabove_dim=\dimen188
\l_MT_shortvdotswithinadjustbelow_dim=\dimen189
\l_MT_above_intertext_sep=\dimen190
\l_MT_below_intertext_sep=\dimen191
\l_MT_above_shortintertext_sep=\dimen192
\l_MT_below_shortintertext_sep=\dimen193
\xmathstrut@box=\box59
\xmathstrut@dim=\dimen194
)
\l_EQ_equationtype_int=\count302
\l_EQ_alignmentmode_int=\count303
\l_EQ_totalwidth_dim=\dimen195
\l_EQ_displaywidth_dim=\dimen196
\l_EQ_temp_linewidth_dim=\dimen197
\l_EQ_linewidth_dim=\dimen198
\EmphEqdelimitershortfall=\dimen199
\EmphEqdelimiterfactor=\count304
\g_EQ_toptag_height_dim=\dimen256
\g_EQ_bottomtag_depth_dim=\dimen257
\g_EQ_toprow_height_dim=\dimen258
\g_EQ_bottomrow_depth_dim=\dimen259
\g_EQ_widesttag_dim=\dimen260
\EQ_mathdisplay_box=\box60
\EQ_tag_box=\box61
\g_EQ_temprow_int=\count305
)
(/Users/aventhal/Library/Application Support/MiKTeX/texmfs/install/tex/latex/to
ols/verbatim.sty
Package: verbatim 2020-07-07 v1.5u LaTeX2e package for verbatim enhancements
\every@verbatim=\toks32
\verbatim@line=\toks33
\verbatim@in@stream=\read3
)
(/Users/aventhal/Library/Application Support/MiKTeX/texmfs/install/tex/latex/fa
ncyvrb/fancyvrb.sty
Package: fancyvrb 2022/06/06 4.5 verbatim text (tvz,hv)
\FV@CodeLineNo=\count306
\FV@InFile=\read4
\FV@TabBox=\box62
\c@FancyVerbLine=\count307
\FV@StepNumber=\count308
\FV@OutFile=\write3
)
(/Users/aventhal/Library/Application Support/MiKTeX/texmfs/install/tex/latex/xc
olor/xcolor.sty
Package: xcolor 2022/06/12 v2.14 LaTeX color extensions (UK)

(/Users/aventhal/Library/Application Support/MiKTeX/texmfs/install/tex/latex/gr
aphics-cfg/color.cfg
File: color.cfg 2016/01/02 v1.6 sample color configuration
)
Package xcolor Info: Driver file: xetex.def on input line 227.

(/Users/aventhal/Library/Application Support/MiKTeX/texmfs/install/tex/latex-de
v/graphics/mathcolor.ltx)
Package xcolor Info: Model `cmy' substituted by `cmy0' on input line 1353.
Package xcolor Info: Model `RGB' extended on input line 1369.
Package xcolor Info: Model `HTML' substituted by `rgb' on input line 1371.
Package xcolor Info: Model `Hsb' substituted by `hsb' on input line 1372.
Package xcolor Info: Model `tHsb' substituted by `hsb' on input line 1373.
Package xcolor Info: Model `HSB' substituted by `hsb' on input line 1374.
Package xcolor Info: Model `Gray' substituted by `gray' on input line 1375.
Package xcolor Info: Model `wave' substituted by `hsb' on input line 1376.
)
(/Users/aventhal/Library/Application Support/MiKTeX/texmfs/install/tex/latex/co
mment/comment.sty
\CommentStream=\write4
 Excluding comment 'comment')
(/Users/aventhal/Library/Application Support/MiKTeX/texmfs/install/tex/latex/po
lynom/polynom.sty
Package: polynom 2017/07/17 0.19 (CH,HA)
\pld@currstage=\count309
)
\@indexfile=\write5
\openout5 = `report.idx'.


Writing index file report.idx

(/Users/aventhal/Library/Application Support/MiKTeX/texmfs/install/tex/latex/l3
backend/l3backend-xetex.def
File: l3backend-xetex.def 2022-04-20 L3 backend support: XeTeX
\g__graphics_track_int=\count310
\l__pdf_internal_box=\box63
\g__pdf_backend_object_int=\count311
\g__pdf_backend_annotation_int=\count312
\g__pdf_backend_link_int=\count313
) (report.aux)
\openout1 = `report.aux'.

LaTeX Font Info:    Checking defaults for OML/cmm/m/it on input line 76.
LaTeX Font Info:    ... okay on input line 76.
LaTeX Font Info:    Checking defaults for OMS/cmsy/m/n on input line 76.
LaTeX Font Info:    ... okay on input line 76.
LaTeX Font Info:    Checking defaults for OT1/cmr/m/n on input line 76.
LaTeX Font Info:    ... okay on input line 76.
LaTeX Font Info:    Checking defaults for T1/cmr/m/n on input line 76.
LaTeX Font Info:    ... okay on input line 76.
LaTeX Font Info:    Checking defaults for TS1/cmr/m/n on input line 76.
LaTeX Font Info:    Trying to load font information for TS1+cmr on input line 7
6.

(/Users/aventhal/Library/Application Support/MiKTeX/texmfs/install/tex/latex/ba
se/ts1cmr.fd
File: ts1cmr.fd 2019/12/16 v2.5j Standard LaTeX font definitions
)
LaTeX Font Info:    ... okay on input line 76.
LaTeX Font Info:    Checking defaults for TU/lmr/m/n on input line 76.
LaTeX Font Info:    ... okay on input line 76.
LaTeX Font Info:    Checking defaults for OMX/cmex/m/n on input line 76.
LaTeX Font Info:    ... okay on input line 76.
LaTeX Font Info:    Checking defaults for U/cmr/m/n on input line 76.
LaTeX Font Info:    ... okay on input line 76.
LaTeX Font Info:    Checking defaults for PD1/pdf/m/n on input line 76.
LaTeX Font Info:    ... okay on input line 76.
LaTeX Font Info:    Checking defaults for PU/pdf/m/n on input line 76.
LaTeX Font Info:    ... okay on input line 76.
\c@lstlisting=\count314
Package hyperref Info: Link coloring OFF on input line 76.
 (report.out) (report.out)
\@outlinefile=\write6
\openout6 = `report.out'.

Package caption Info: Begin \AtBeginDocument code.
Package caption Info: float package is loaded.
Package caption Info: End \AtBeginDocument code.
File: ./logopolitonuovo.jpeg Graphic file (type bmp)
<./logopolitonuovo.jpeg>
LaTeX Font Info:    Trying to load font information for U+msa on input line 102
.

(/Users/aventhal/Library/Application Support/MiKTeX/texmfs/install/tex/latex/am
sfonts/umsa.fd
File: umsa.fd 2013/01/14 v3.01 AMS symbols A
)
LaTeX Font Info:    Trying to load font information for U+msb on input line 102
.

(/Users/aventhal/Library/Application Support/MiKTeX/texmfs/install/tex/latex/am
sfonts/umsb.fd
File: umsb.fd 2013/01/14 v3.01 AMS symbols B
) [1



] (report.toc)
\tf@toc=\write7
\openout7 = `report.toc'.

 [1

] (report.lof)
\tf@lof=\write8
\openout8 = `report.lof'.

 [2

] (report.lot)
\tf@lot=\write9
\openout9 = `report.lot'.

 [3

]
(chapters/abstract.tex) (chapters/introduction.tex [1


]
Chapter 1.
) (chapters/background.tex [2

]
Chapter 2.
) (chapters/overview.tex
Overfull \hbox (2.15431pt too wide) in paragraph at lines 15--1
\TU/lmr/m/n/10 jeopardy and hardware-related, being based on a vulnerable 256-b
it Block Cipher that was implemented
 []

[3

]
Chapter 3.
File: images/Schematic.png Graphic file (type bmp)
<images/Schematic.png>
File: images/PYNQ.jpg Graphic file (type bmp)
<images/PYNQ.jpg>
) (chapters/implementation.tex [4

] [5]
Chapter 4.

Overfull \hbox (7.09122pt too wide) in paragraph at lines 16--17
[]\TU/lmr/m/n/10 Note that all the source VHDL files describing the following c
omponents were commented extensively,
 []

[6

]
File: images/lfsr_partial.png Graphic file (type bmp)
<images/lfsr_partial.png>
File: images/alfsr.png Graphic file (type bmp)
<images/alfsr.png>
 [7]
File: images/fulladder.png Graphic file (type bmp)
<images/fulladder.png>
 [8]
File: images/enabler.png Graphic file (type bmp)
<images/enabler.png>
 [9]
File: images/combinational_network.png Graphic file (type bmp)
<images/combinational_network.png>
 [10]
Overfull \hbox (1.01231pt too wide) in paragraph at lines 106--107
[]\TU/lmr/m/n/10 Note that all the debug signals required by the challenge and 
both the principal products (ciphertext
 []

File: images/top_level.png Graphic file (type bmp)
<images/top_level.png>
[11]
Overfull \hbox (7.8643pt too wide) in paragraph at lines 120--123
\TU/lmr/m/n/10 process are duplicated inside “PYNQ/Board_Files/src/”, whereas “
PYNQ/Board_Files/gen/” contains
 []

[12]
File: images/zynq.png Graphic file (type bmp)
<images/zynq.png>
 [13] [14] [15]
File: images/home.png Graphic file (type bmp)
<images/home.png>
 [16]
File: images/parsing.png Graphic file (type bmp)
<images/parsing.png>
File: images/success.png Graphic file (type bmp)
<images/success.png>
 [17]
File: images/net.png Graphic file (type bmp)
<images/net.png>
) (chapters/results.tex [18] [19]
Chapter 5.

Overfull \hbox (1.73228pt too wide) in paragraph at lines 3--10
\TU/lmr/bx/n/10 000100010001000100010001000100010001000100010001000100000000000
00000000000000 
 []


Overfull \hbox (1.73228pt too wide) in paragraph at lines 3--10
\TU/lmr/bx/n/10 000000000000000000000000000000100010001000100010001000100010001
00010001000100 
 []


Overfull \hbox (1.73228pt too wide) in paragraph at lines 3--10
\TU/lmr/bx/n/10 010000000000000000000000000000000000000000000000000000000100010
00100010001000 
 []


Overfull \hbox (1.71129pt too wide) in paragraph at lines 3--10
\TU/lmr/bx/n/10 1000100010001000100010001$[]$ \TU/lmr/m/n/10 or equally \TU/lmr
/bx/n/10 1111111111111000000000000011111111111110000 
 []

File: images/Waves.png Graphic file (type bmp)
<images/Waves.png>
[20

]) (chapters/conclusions.tex
Overfull \hbox (14.84831pt too wide) in paragraph at lines 29--1
\TU/lmr/m/n/10 (produced by a real team of cybersecurity experts, for instance)
, referring to the enabler, the combinational
 []

[21]
Chapter 6.
) (appendices/usermanual.tex [22

]
Appendix A.

Overfull \hbox (2.2123pt too wide) in paragraph at lines 6--7
[]\TU/lmr/m/n/10 insert the password—login credentials will have to be requeste
d directly from the people managing
 []

) (appendices/API.tex [23

]
Appendix B.
) [24

] (report.aux)
Package rerunfilecheck Info: File `report.out' has not changed.
(rerunfilecheck)             Checksum: 5C5FF0AED4A5E141253601B580B21C17;3245.
 ) 
Here is how much of TeX's memory you used:
 15759 strings out of 412640
 253730 string characters out of 2848627
 598347 words of memory out of 3000000
 36427 multiletter control sequences out of 15000+600000
 471454 words of font info for 54 fonts, out of 8000000 for 9000
 0 hyphenation exceptions out of 8191
 72i,11n,76p,414b,438s stack positions out of 10000i,1000n,20000p,200000b,80000s

Output written on report.pdf (28 pages).
