\BOOKMARK [0][-]{chapter.1}{\376\377\000I\000n\000t\000r\000o\000d\000u\000c\000t\000i\000o\000n}{}% 1
\BOOKMARK [0][-]{chapter.2}{\376\377\000B\000a\000c\000k\000g\000r\000o\000u\000n\000d}{}% 2
\BOOKMARK [0][-]{chapter.3}{\376\377\000I\000m\000p\000l\000e\000m\000e\000n\000t\000a\000t\000i\000o\000n\000\040\000O\000v\000e\000r\000v\000i\000e\000w}{}% 3
\BOOKMARK [1][-]{section.3.1}{\376\377\000G\000o\000a\000l\000\040\000o\000f\000\040\000t\000h\000e\000\040\000p\000r\000o\000j\000e\000c\000t}{chapter.3}% 4
\BOOKMARK [1][-]{section.3.2}{\376\377\000A\000r\000c\000h\000i\000t\000e\000c\000t\000u\000r\000e\000\040\000o\000v\000e\000r\000v\000i\000e\000w}{chapter.3}% 5
\BOOKMARK [1][-]{section.3.3}{\376\377\000H\000a\000r\000d\000w\000a\000r\000e\000\040\000p\000l\000a\000t\000f\000o\000r\000m}{chapter.3}% 6
\BOOKMARK [0][-]{chapter.4}{\376\377\000I\000m\000p\000l\000e\000m\000e\000n\000t\000a\000t\000i\000o\000n\000\040\000D\000e\000t\000a\000i\000l\000s}{}% 7
\BOOKMARK [1][-]{section.4.1}{\376\377\000L\000o\000g\000i\000c\000\040\000d\000e\000s\000i\000g\000n}{chapter.4}% 8
\BOOKMARK [2][-]{subsection.4.1.1}{\376\377\000L\000F\000S\000R}{section.4.1}% 9
\BOOKMARK [2][-]{subsection.4.1.2}{\376\377\000A\000L\000F\000S\000R}{section.4.1}% 10
\BOOKMARK [2][-]{subsection.4.1.3}{\376\377\000F\000A}{section.4.1}% 11
\BOOKMARK [2][-]{subsection.4.1.4}{\376\377\000E\000D\000G\000E}{section.4.1}% 12
\BOOKMARK [2][-]{subsection.4.1.5}{\376\377\000N\000E\000T}{section.4.1}% 13
\BOOKMARK [2][-]{subsection.4.1.6}{\376\377\000B\000l\000o\000c\000k\000C\000i\000p\000h\000e\000r}{section.4.1}% 14
\BOOKMARK [1][-]{section.4.2}{\376\377\000B\000i\000t\000s\000t\000r\000e\000a\000m}{chapter.4}% 15
\BOOKMARK [1][-]{section.4.3}{\376\377\000M\000i\000d\000d\000l\000e\000w\000a\000r\000e}{chapter.4}% 16
\BOOKMARK [2][-]{subsection.4.3.1}{\376\377\000B\000o\000a\000r\000d\000\040\000i\000n\000t\000e\000r\000f\000a\000c\000e\000s}{section.4.3}% 17
\BOOKMARK [2][-]{subsection.4.3.2}{\376\377\000D\000r\000i\000v\000e\000r}{section.4.3}% 18
\BOOKMARK [1][-]{section.4.4}{\376\377\000W\000e\000b\000\040\000s\000e\000r\000v\000e\000r}{chapter.4}% 19
\BOOKMARK [1][-]{section.4.5}{\376\377\000F\000r\000o\000n\000t\000-\000e\000n\000d}{chapter.4}% 20
\BOOKMARK [2][-]{subsection.4.5.1}{\376\377\000S\000t\000a\000t\000i\000c\000\040\000H\000T\000M\000L}{section.4.5}% 21
\BOOKMARK [2][-]{subsection.4.5.2}{\376\377\000J\000a\000v\000a\000S\000c\000r\000i\000p\000t\000\040\000s\000n\000i\000p\000p\000e\000t\000s}{section.4.5}% 22
\BOOKMARK [2][-]{subsection.4.5.3}{\376\377\000P\000r\000e\000v\000i\000e\000w\000\040\000s\000y\000s\000t\000e\000m}{section.4.5}% 23
\BOOKMARK [0][-]{chapter.5}{\376\377\000R\000e\000s\000u\000l\000t\000s}{}% 24
\BOOKMARK [1][-]{section.5.1}{\376\377\000K\000n\000o\000w\000n\000\040\000I\000s\000s\000u\000e\000s}{chapter.5}% 25
\BOOKMARK [1][-]{section.5.2}{\376\377\000F\000u\000t\000u\000r\000e\000\040\000W\000o\000r\000k}{chapter.5}% 26
\BOOKMARK [0][-]{chapter.6}{\376\377\000C\000o\000n\000c\000l\000u\000s\000i\000o\000n\000s}{}% 27
\BOOKMARK [0][-]{appendix.A}{\376\377\000U\000s\000e\000r\000\040\000M\000a\000n\000u\000a\000l}{}% 28
\BOOKMARK [0][-]{appendix.B}{\376\377\000A\000P\000I}{}% 29
